<?xml version="1.0" encoding="UTF-8"?>
<!-- Generated by org.testng.reporters.JUnitXMLReporter -->
<testsuite ignored="0" hostname="Akashvarun" failures="0" tests="3" name="Test" time="1.24" errors="0" timestamp="2025-03-22T11:30:48 IST">
  <testcase classname="demobasetest.BaseTestForLogin" name="@BeforeMethod login" time="-1.742623248291E9">
    <failure type="org.testng.TestNGException" message="
Parameter &amp;apos;browser&amp;apos; is required by BeforeMethod on method login but has not been marked @Optional or defined
in C:\Users\Dell\Desktop\works\demo.vtiger\testng.xml">
      <![CDATA[org.testng.TestNGException: 
Parameter 'browser' is required by BeforeMethod on method login but has not been marked @Optional or defined
in C:\Users\Dell\Desktop\works\demo.vtiger\testng.xml
at java.base/java.util.ArrayList.forEach(ArrayList.java:1511)
... Removed 28 stack frames]]>
    </failure>
  </testcase> <!-- @BeforeMethod login -->
  <testcase classname="demobasetest.BaseTestForLogin" name="@AfterMethod takeScreenShot" time="0.0">
    <skipped/>
  </testcase> <!-- @AfterMethod takeScreenShot -->
  <testcase classname="demobasetest.BaseTestForLogin" name="@BeforeMethod login" time="0.0">
    <skipped/>
  </testcase> <!-- @BeforeMethod login -->
  <testcase classname="demobasetest.BaseTestForLogin" name="@AfterMethod takeScreenShot" time="0.0">
    <skipped/>
  </testcase> <!-- @AfterMethod takeScreenShot -->
  <testcase classname="demobasetest.BaseTestForLogin" name="@BeforeMethod login" time="0.0">
    <skipped/>
  </testcase> <!-- @BeforeMethod login -->
  <testcase classname="demobasetest.BaseTestForLogin" name="@AfterMethod takeScreenShot" time="0.0">
    <skipped/>
  </testcase> <!-- @AfterMethod takeScreenShot -->
  <testcase classname="demovtigertestcases.DemoVtigerTestcase" name="verifyLoginPageWithInValidCredential" time="0.001">
    <skipped/>
  </testcase> <!-- verifyLoginPageWithInValidCredential -->
  <testcase classname="demovtigertestcases.DemoVtigerTestcase" name="verifyLoginPageWithInValidCredential" time="0.001">
    <skipped/>
  </testcase> <!-- verifyLoginPageWithInValidCredential -->
  <testcase classname="demovtigertestcases.DemoVtigerTestcase" name="verifyLoginPageWithInValidCredential" time="0.001">
    <skipped/>
  </testcase> <!-- verifyLoginPageWithInValidCredential -->
</testsuite> <!-- Test -->
